This is pdfTeX, Version 3.141592653-2.6-1.40.22 (TeX Live 2022/dev/Debian) (preloaded format=pdflatex 2023.1.23)  27 APR 2023 09:52
entering extended mode
 restricted \write18 enabled.
 file:line:error style messages enabled.
 %&-line parsing enabled.
**/home/premek/DP/PPO/Tex/MasterThesis/en/thesis.tex
(/home/premek/DP/PPO/Tex/MasterThesis/en/thesis.tex
LaTeX2e <2021-11-15> patch level 1
L3 programming layer <2022-01-21> (/usr/share/texlive/texmf-dist/tex/latex/base/report.cls
Document Class: report 2021/10/04 v1.4n Standard LaTeX document class
(/usr/share/texlive/texmf-dist/tex/latex/base/size12.clo
File: size12.clo 2021/10/04 v1.4n Standard LaTeX file (size option)
)
\c@part=\count185
\c@chapter=\count186
\c@section=\count187
\c@subsection=\count188
\c@subsubsection=\count189
\c@paragraph=\count190
\c@subparagraph=\count191
\c@figure=\count192
\c@table=\count193
\abovecaptionskip=\skip47
\belowcaptionskip=\skip48
\bibindent=\dimen138
) (/usr/share/texlive/texmf-dist/tex/latex/pdfx/pdfx.sty
Package: pdfx 2019/02/27 v1.6.3 PDF/X and PDF/A support (CVR/HTH/RRM/PS)
\pdfx@minorversion=\count194
 (/usr/share/texlive/texmf-dist/tex/generic/iftex/iftex.sty
Package: iftex 2020/03/06 v1.0d TeX engine tests
) (/usr/share/texlive/texmf-dist/tex/generic/iftex/ifpdf.sty
Package: ifpdf 2019/10/25 v3.4 ifpdf legacy package. Use iftex instead.
) (/usr/share/texlive/texmf-dist/tex/generic/iftex/ifxetex.sty
Package: ifxetex 2019/10/25 v0.7 ifxetex legacy package. Use iftex instead.
) (/usr/share/texlive/texmf-dist/tex/latex/everyshi/everyshi.sty
Package: everyshi 2020/11/18 v4.00 EveryShipout Package
) (/usr/share/texlive/texmf-dist/tex/generic/iftex/ifluatex.sty
Package: ifluatex 2019/10/25 v1.5 ifluatex legacy package. Use iftex instead.
){/var/lib/texmf/fonts/map/pdftex/updmap/pdftex.map} (/usr/share/texlive/texmf-dist/tex/latex/base/inputenc.sty
Package: inputenc 2021/02/14 v1.3d Input encoding file
\inpenc@prehook=\toks16
\inpenc@posthook=\toks17
) (/usr/share/texlive/texmf-dist/tex/latex/pdfx/l8u-penc.def
File: l8u-penc.def 2017/06/23 v0.8 Custom LaTeX file, for UTF8 encoded letters and symbols
LaTeX Info: Composite with undeclared \b in encoding L8U on input line 278.
)
\pdfxsafeforxmp@toks=\toks18
 (/usr/share/texlive/texmf-dist/tex/latex/xcolor/xcolor.sty
Package: xcolor 2021/10/31 v2.13 LaTeX color extensions (UK)
 (/usr/share/texlive/texmf-dist/tex/latex/graphics-cfg/color.cfg
File: color.cfg 2016/01/02 v1.6 sample color configuration
)
Package xcolor Info: Driver file: pdftex.def on input line 227.
 (/usr/share/texlive/texmf-dist/tex/latex/graphics-def/pdftex.def
File: pdftex.def 2020/10/05 v1.2a Graphics/color driver for pdftex
)
Package xcolor Info: Model `cmy' substituted by `cmy0' on input line 1352.
Package xcolor Info: Model `hsb' substituted by `rgb' on input line 1356.
Package xcolor Info: Model `RGB' extended on input line 1368.
Package xcolor Info: Model `HTML' substituted by `rgb' on input line 1370.
Package xcolor Info: Model `Hsb' substituted by `hsb' on input line 1371.
Package xcolor Info: Model `tHsb' substituted by `hsb' on input line 1372.
Package xcolor Info: Model `HSB' substituted by `hsb' on input line 1373.
Package xcolor Info: Model `Gray' substituted by `gray' on input line 1374.
Package xcolor Info: Model `wave' substituted by `hsb' on input line 1375.
)
\pdfx@tmptoks=\toks19
 (/usr/share/texlive/texmf-dist/tex/latex/hyperref/hyperref.sty
Package: hyperref 2021-06-07 v7.00m Hypertext links for LaTeX
 (/usr/share/texlive/texmf-dist/tex/generic/ltxcmds/ltxcmds.sty
Package: ltxcmds 2020-05-10 v1.25 LaTeX kernel commands for general use (HO)
) (/usr/share/texlive/texmf-dist/tex/generic/pdftexcmds/pdftexcmds.sty
Package: pdftexcmds 2020-06-27 v0.33 Utility functions of pdfTeX for LuaTeX (HO)
 (/usr/share/texlive/texmf-dist/tex/generic/infwarerr/infwarerr.sty
Package: infwarerr 2019/12/03 v1.5 Providing info/warning/error messages (HO)
)
Package pdftexcmds Info: \pdf@primitive is available.
Package pdftexcmds Info: \pdf@ifprimitive is available.
Package pdftexcmds Info: \pdfdraftmode found.
) (/usr/share/texlive/texmf-dist/tex/latex/graphics/keyval.sty
Package: keyval 2014/10/28 v1.15 key=value parser (DPC)
\KV@toks@=\toks20
) (/usr/share/texlive/texmf-dist/tex/generic/kvsetkeys/kvsetkeys.sty
Package: kvsetkeys 2019/12/15 v1.18 Key value parser (HO)
) (/usr/share/texlive/texmf-dist/tex/generic/kvdefinekeys/kvdefinekeys.sty
Package: kvdefinekeys 2019-12-19 v1.6 Define keys (HO)
) (/usr/share/texlive/texmf-dist/tex/generic/pdfescape/pdfescape.sty
Package: pdfescape 2019/12/09 v1.15 Implements pdfTeX's escape features (HO)
) (/usr/share/texlive/texmf-dist/tex/latex/hycolor/hycolor.sty
Package: hycolor 2020-01-27 v1.10 Color options for hyperref/bookmark (HO)
) (/usr/share/texlive/texmf-dist/tex/latex/letltxmacro/letltxmacro.sty
Package: letltxmacro 2019/12/03 v1.6 Let assignment for LaTeX macros (HO)
) (/usr/share/texlive/texmf-dist/tex/latex/auxhook/auxhook.sty
Package: auxhook 2019-12-17 v1.6 Hooks for auxiliary files (HO)
) (/usr/share/texlive/texmf-dist/tex/latex/kvoptions/kvoptions.sty
Package: kvoptions 2020-10-07 v3.14 Key value format for package options (HO)
)
\@linkdim=\dimen139
\Hy@linkcounter=\count195
\Hy@pagecounter=\count196
 (/usr/share/texlive/texmf-dist/tex/latex/hyperref/pd1enc.def
File: pd1enc.def 2021-06-07 v7.00m Hyperref: PDFDocEncoding definition (HO)
) (/usr/share/texlive/texmf-dist/tex/latex/hyperref/hyperref-langpatches.def
File: hyperref-langpatches.def 2021-06-07 v7.00m Hyperref: patches for babel languages
) (/usr/share/texlive/texmf-dist/tex/generic/intcalc/intcalc.sty
Package: intcalc 2019/12/15 v1.3 Expandable calculations with integers (HO)
) (/usr/share/texlive/texmf-dist/tex/generic/etexcmds/etexcmds.sty
Package: etexcmds 2019/12/15 v1.7 Avoid name clashes with e-TeX commands (HO)
)
\Hy@SavedSpaceFactor=\count197
 (/usr/share/texlive/texmf-dist/tex/latex/hyperref/puenc.def
File: puenc.def 2021-06-07 v7.00m Hyperref: PDF Unicode definition (HO)
)
Package hyperref Info: Option `pdfa' set `true' on input line 4073.
Package hyperref Info: Hyper figures OFF on input line 4192.
Package hyperref Info: Link nesting OFF on input line 4197.
Package hyperref Info: Hyper index ON on input line 4200.
Package hyperref Info: Plain pages OFF on input line 4207.
Package hyperref Info: Backreferencing OFF on input line 4212.
Package hyperref Info: Implicit mode ON; LaTeX internals redefined.
Package hyperref Info: Bookmarks ON on input line 4445.
\c@Hy@tempcnt=\count198
 (/usr/share/texlive/texmf-dist/tex/latex/url/url.sty
\Urlmuskip=\muskip16
Package: url 2013/09/16  ver 3.4  Verb mode for urls, etc.
)
LaTeX Info: Redefining \url on input line 4804.
\XeTeXLinkMargin=\dimen140
 (/usr/share/texlive/texmf-dist/tex/generic/bitset/bitset.sty
Package: bitset 2019/12/09 v1.3 Handle bit-vector datatype (HO)
 (/usr/share/texlive/texmf-dist/tex/generic/bigintcalc/bigintcalc.sty
Package: bigintcalc 2019/12/15 v1.5 Expandable calculations on big integers (HO)
))
\Fld@menulength=\count199
\Field@Width=\dimen141
\Fld@charsize=\dimen142
Package hyperref Info: Hyper figures OFF on input line 6076.
Package hyperref Info: Link nesting OFF on input line 6081.
Package hyperref Info: Hyper index ON on input line 6084.
Package hyperref Info: backreferencing OFF on input line 6091.
Package hyperref Info: Link coloring OFF on input line 6096.
Package hyperref Info: Link coloring with OCG OFF on input line 6101.
Package hyperref Info: PDF/A mode ON on input line 6104.
LaTeX Info: Redefining \ref on input line 6146.
LaTeX Info: Redefining \pageref on input line 6150.
 (/usr/share/texlive/texmf-dist/tex/latex/base/atbegshi-ltx.sty
Package: atbegshi-ltx 2021/01/10 v1.0c Emulation of the original atbegshi
package with kernel methods
)
\Hy@abspage=\count266
\c@Item=\count267
\c@Hfootnote=\count268
)
Package hyperref Info: Driver: hpdftex.
 (/usr/share/texlive/texmf-dist/tex/latex/hyperref/hpdftex.def
File: hpdftex.def 2021-06-07 v7.00m Hyperref driver for pdfTeX
 (/usr/share/texlive/texmf-dist/tex/latex/base/atveryend-ltx.sty
Package: atveryend-ltx 2020/08/19 v1.0a Emulation of the original atveryend package
with kernel methods
)
\Fld@listcount=\count269
\c@bookmark@seq@number=\count270
 (/usr/share/texlive/texmf-dist/tex/latex/rerunfilecheck/rerunfilecheck.sty
Package: rerunfilecheck 2019/12/05 v1.9 Rerun checks for auxiliary files (HO)
 (/usr/share/texlive/texmf-dist/tex/generic/uniquecounter/uniquecounter.sty
Package: uniquecounter 2019/12/15 v1.4 Provide unlimited unique counter (HO)
)
Package uniquecounter Info: New unique counter `rerunfilecheck' on input line 286.
)
\Hy@SectionHShift=\skip49
)
Package hyperref Info: Option `unicode' set `true' on input line 1463.
 (/usr/share/texlive/texmf-dist/tex/generic/stringenc/stringenc.sty
Package: stringenc 2019/11/29 v1.12 Convert strings between diff. encodings (HO)
)
Package hyperref Info: Option `psdextra' set `true' on input line 1465.
 (/usr/share/texlive/texmf-dist/tex/latex/hyperref/puenc-greekbasic.def
File: puenc-greekbasic.def 2021-06-07 v7.00m Hyperref: PDF Unicode definition (greek block) (HO)
) (/usr/share/texlive/texmf-dist/tex/latex/hyperref/psdextra.def
File: psdextra.def 2021-06-07 v7.00m Hyperref: Additions to PDF string support
) (/usr/share/texlive/texmf-dist/tex/generic/colorprofiles/colorprofiles.sty
Package: colorprofiles 2018/11/01 v1.0.1 color profiles for PDF/X and PDF/A support
 (/usr/share/texlive/texmf-dist/tex/generic/colorprofiles/colorprofiles.tex)) (/usr/share/texlive/texmf-dist/tex/generic/stringenc/se-pdfdoc.def
File: se-pdfdoc.def 2019/11/29 v1.12 stringenc: PDFDocEncoding
) (/usr/share/texlive/texmf-dist/tex/latex/pdfx/AdobeColorProfiles.tex) (/usr/share/texlive/texmf-dist/tex/latex/pdfx/8bit.def
File: 8bit.def 2008/03/30 v1.1d Input encoding file
)
** pdfx: Metadata file thesis.xmpdata read successfully.
(./thesis.xmpdata)<<sRGB.icc>> (/usr/share/texlive/texmf-dist/tex/latex/pdfx/8bit.def
File: 8bit.def 2008/03/30 v1.1d Input encoding file
) (/usr/share/texlive/texmf-dist/tex/latex/pdfx/8bit.def
File: 8bit.def 2008/03/30 v1.1d Input encoding file
) (/usr/share/texlive/texmf-dist/tex/generic/stringenc/se-utf8.def
File: se-utf8.def 2019/11/29 v1.12 stringenc: UTF-8
) (/usr/share/texlive/texmf-dist/tex/latex/pdfx/8bit.def
File: 8bit.def 2008/03/30 v1.1d Input encoding file
)
Package hyperref Info: Option `unicode' set `true' on input line 2411.
Package hyperref Info: Option `unicode' set `true' on input line 2412.
 (/usr/share/texlive/texmf-dist/tex/latex/pdfx/8bit.def
File: 8bit.def 2008/03/30 v1.1d Input encoding file
) (/usr/share/texlive/texmf-dist/tex/generic/pdftex/glyphtounicode.tex) (/usr/share/texlive/texmf-dist/tex/latex/pdfx/glyphtounicode-cmr.tex) (/usr/share/texlive/texmf-dist/tex/latex/pdfx/glyphtounicode-ntx.tex) (/usr/share/texlive/texmf-dist/tex/latex/base/ifthen.sty
Package: ifthen 2020/11/24 v1.1c Standard LaTeX ifthen package (DPC)
) (/usr/share/texlive/texmf-dist/tex/latex/xmpincl/xmpincl.sty
Package: xmpincl 2021/09/22 v2.4 Include XMP data in pdflatex
) (/usr/share/texlive/texmf-dist/tex/latex/pdfx/8bit.def
File: 8bit.def 2008/03/30 v1.1d Input encoding file
)
Using XMP template file: pdfa.xmp
\xmpinclWrite=\write3
\xmpinclRead=\read2
\openout3 = `pdfa.xmpi'.

<<pdfa.xmpi>>) (/usr/share/texlive/texmf-dist/tex/latex/base/inputenc.sty
Package: inputenc 2021/02/14 v1.3d Input encoding file
) (/usr/share/texmf/tex/latex/lm/lmodern.sty
Package: lmodern 2009/10/30 v1.6 Latin Modern Fonts
LaTeX Font Info:    Overwriting symbol font `operators' in version `normal'
(Font)                  OT1/cmr/m/n --> OT1/lmr/m/n on input line 22.
LaTeX Font Info:    Overwriting symbol font `letters' in version `normal'
(Font)                  OML/cmm/m/it --> OML/lmm/m/it on input line 23.
LaTeX Font Info:    Overwriting symbol font `symbols' in version `normal'
(Font)                  OMS/cmsy/m/n --> OMS/lmsy/m/n on input line 24.
LaTeX Font Info:    Overwriting symbol font `largesymbols' in version `normal'
(Font)                  OMX/cmex/m/n --> OMX/lmex/m/n on input line 25.
LaTeX Font Info:    Overwriting symbol font `operators' in version `bold'
(Font)                  OT1/cmr/bx/n --> OT1/lmr/bx/n on input line 26.
LaTeX Font Info:    Overwriting symbol font `letters' in version `bold'
(Font)                  OML/cmm/b/it --> OML/lmm/b/it on input line 27.
LaTeX Font Info:    Overwriting symbol font `symbols' in version `bold'
(Font)                  OMS/cmsy/b/n --> OMS/lmsy/b/n on input line 28.
LaTeX Font Info:    Overwriting symbol font `largesymbols' in version `bold'
(Font)                  OMX/cmex/m/n --> OMX/lmex/m/n on input line 29.
LaTeX Font Info:    Overwriting math alphabet `\mathbf' in version `normal'
(Font)                  OT1/cmr/bx/n --> OT1/lmr/bx/n on input line 31.
LaTeX Font Info:    Overwriting math alphabet `\mathsf' in version `normal'
(Font)                  OT1/cmss/m/n --> OT1/lmss/m/n on input line 32.
LaTeX Font Info:    Overwriting math alphabet `\mathit' in version `normal'
(Font)                  OT1/cmr/m/it --> OT1/lmr/m/it on input line 33.
LaTeX Font Info:    Overwriting math alphabet `\mathtt' in version `normal'
(Font)                  OT1/cmtt/m/n --> OT1/lmtt/m/n on input line 34.
LaTeX Font Info:    Overwriting math alphabet `\mathbf' in version `bold'
(Font)                  OT1/cmr/bx/n --> OT1/lmr/bx/n on input line 35.
LaTeX Font Info:    Overwriting math alphabet `\mathsf' in version `bold'
(Font)                  OT1/cmss/bx/n --> OT1/lmss/bx/n on input line 36.
LaTeX Font Info:    Overwriting math alphabet `\mathit' in version `bold'
(Font)                  OT1/cmr/bx/it --> OT1/lmr/bx/it on input line 37.
LaTeX Font Info:    Overwriting math alphabet `\mathtt' in version `bold'
(Font)                  OT1/cmtt/m/n --> OT1/lmtt/m/n on input line 38.
) (/usr/share/texlive/texmf-dist/tex/latex/amsmath/amsmath.sty
Package: amsmath 2021/10/15 v2.17l AMS math features
\@mathmargin=\skip50

For additional information on amsmath, use the `?' option.
(/usr/share/texlive/texmf-dist/tex/latex/amsmath/amstext.sty
Package: amstext 2021/08/26 v2.01 AMS text
 (/usr/share/texlive/texmf-dist/tex/latex/amsmath/amsgen.sty
File: amsgen.sty 1999/11/30 v2.0 generic functions
\@emptytoks=\toks21
\ex@=\dimen143
)) (/usr/share/texlive/texmf-dist/tex/latex/amsmath/amsbsy.sty
Package: amsbsy 1999/11/29 v1.2d Bold Symbols
\pmbraise@=\dimen144
) (/usr/share/texlive/texmf-dist/tex/latex/amsmath/amsopn.sty
Package: amsopn 2021/08/26 v2.02 operator names
)
\inf@bad=\count271
LaTeX Info: Redefining \frac on input line 234.
\uproot@=\count272
\leftroot@=\count273
LaTeX Info: Redefining \overline on input line 399.
\classnum@=\count274
\DOTSCASE@=\count275
LaTeX Info: Redefining \ldots on input line 496.
LaTeX Info: Redefining \dots on input line 499.
LaTeX Info: Redefining \cdots on input line 620.
\Mathstrutbox@=\box50
\strutbox@=\box51
\big@size=\dimen145
LaTeX Font Info:    Redeclaring font encoding OML on input line 743.
LaTeX Font Info:    Redeclaring font encoding OMS on input line 744.
\macc@depth=\count276
\c@MaxMatrixCols=\count277
\dotsspace@=\muskip17
\c@parentequation=\count278
\dspbrk@lvl=\count279
\tag@help=\toks22
\row@=\count280
\column@=\count281
\maxfields@=\count282
\andhelp@=\toks23
\eqnshift@=\dimen146
\alignsep@=\dimen147
\tagshift@=\dimen148
\tagwidth@=\dimen149
\totwidth@=\dimen150
\lineht@=\dimen151
\@envbody=\toks24
\multlinegap=\skip51
\multlinetaggap=\skip52
\mathdisplay@stack=\toks25
LaTeX Info: Redefining \[ on input line 2938.
LaTeX Info: Redefining \] on input line 2939.
) (/usr/share/texlive/texmf-dist/tex/latex/amsfonts/amsfonts.sty
Package: amsfonts 2013/01/14 v3.01 Basic AMSFonts support
\symAMSa=\mathgroup4
\symAMSb=\mathgroup5
LaTeX Font Info:    Redeclaring math symbol \hbar on input line 98.
LaTeX Font Info:    Overwriting math alphabet `\mathfrak' in version `bold'
(Font)                  U/euf/m/n --> U/euf/b/n on input line 106.
) (/usr/share/texlive/texmf-dist/tex/latex/amscls/amsthm.sty
Package: amsthm 2020/05/29 v2.20.6
\thm@style=\toks26
\thm@bodyfont=\toks27
\thm@headfont=\toks28
\thm@notefont=\toks29
\thm@headpunct=\toks30
\thm@preskip=\skip53
\thm@postskip=\skip54
\thm@headsep=\skip55
\dth@everypar=\toks31
) (/usr/share/texlive/texmf-dist/tex/latex/bbding/bbding.sty
Package: bbding 1999/04/15 v1.01 Dingbats symbols
) (/usr/share/texlive/texmf-dist/tex/latex/tools/bm.sty
Package: bm 2021/04/25 v1.2e Bold Symbol Support (DPC/FMi)
\symboldoperators=\mathgroup6
\symboldletters=\mathgroup7
\symboldsymbols=\mathgroup8
Package bm Info: No bold for \OMX/lmex/m/n, using \pmb.
Package bm Info: No bold for \U/msa/m/n, using \pmb.
Package bm Info: No bold for \U/msb/m/n, using \pmb.
LaTeX Font Info:    Redeclaring math alphabet \mathbf on input line 149.
) (/usr/share/texlive/texmf-dist/tex/latex/graphics/graphicx.sty
Package: graphicx 2021/09/16 v1.2d Enhanced LaTeX Graphics (DPC,SPQR)
 (/usr/share/texlive/texmf-dist/tex/latex/graphics/graphics.sty
Package: graphics 2021/03/04 v1.4d Standard LaTeX Graphics (DPC,SPQR)
 (/usr/share/texlive/texmf-dist/tex/latex/graphics/trig.sty
Package: trig 2021/08/11 v1.11 sin cos tan (DPC)
) (/usr/share/texlive/texmf-dist/tex/latex/graphics-cfg/graphics.cfg
File: graphics.cfg 2016/06/04 v1.11 sample graphics configuration
)
Package graphics Info: Driver file: pdftex.def on input line 107.
)
\Gin@req@height=\dimen152
\Gin@req@width=\dimen153
) (/usr/share/texlive/texmf-dist/tex/latex/fancyvrb/fancyvrb.sty
Package: fancyvrb 2021/12/21 4.1b verbatim text (tvz,hv)
\FV@CodeLineNo=\count283
\FV@InFile=\read3
\FV@TabBox=\box52
\c@FancyVerbLine=\count284
\FV@StepNumber=\count285
\FV@OutFile=\write4
) (/usr/share/texlive/texmf-dist/tex/latex/natbib/natbib.sty
Package: natbib 2010/09/13 8.31b (PWD, AO)
\bibhang=\skip56
\bibsep=\skip57
LaTeX Info: Redefining \cite on input line 694.
\c@NAT@ctr=\count286
) (/usr/share/texlive/texmf-dist/tex/latex/tocbibind/tocbibind.sty
Package: tocbibind 2010/10/13 v1.5k extra ToC listings
Package tocbibind Info: The document has chapter divisions on input line 50.


Package tocbibind Note: Using chapter style headings, unless overridden.

) (/usr/share/texlive/texmf-dist/tex/latex/tools/dcolumn.sty
Package: dcolumn 2014/10/28 v1.06 decimal alignment package (DPC)
 (/usr/share/texlive/texmf-dist/tex/latex/tools/array.sty
Package: array 2021/10/04 v2.5f Tabular extension package (FMi)
\col@sep=\dimen154
\ar@mcellbox=\box53
\extrarowheight=\dimen155
\NC@list=\toks32
\extratabsurround=\skip58
\backup@length=\skip59
\ar@cellbox=\box54
)) (/usr/share/texlive/texmf-dist/tex/latex/booktabs/booktabs.sty
Package: booktabs 2020/01/12 v1.61803398 Publication quality tables
\heavyrulewidth=\dimen156
\lightrulewidth=\dimen157
\cmidrulewidth=\dimen158
\belowrulesep=\dimen159
\belowbottomsep=\dimen160
\aboverulesep=\dimen161
\abovetopsep=\dimen162
\cmidrulesep=\dimen163
\cmidrulekern=\dimen164
\defaultaddspace=\dimen165
\@cmidla=\count287
\@cmidlb=\count288
\@aboverulesep=\dimen166
\@belowrulesep=\dimen167
\@thisruleclass=\count289
\@lastruleclass=\count290
\@thisrulewidth=\dimen168
) (/usr/share/texlive/texmf-dist/tex/latex/paralist/paralist.sty
Package: paralist 2017/01/22 v2.7 Extended list environments
\pltopsep=\skip60
\plpartopsep=\skip61
\plitemsep=\skip62
\plparsep=\skip63
\pl@lab=\toks33
) (/usr/share/texlive/texmf-dist/tex/latex/algorithm2e/algorithm2e.sty
Package: algorithm2e 2017/07/18 v5.2 algorithms environments
\c@AlgoLine=\count291
\algocf@hangindent=\skip64
 (/usr/share/texlive/texmf-dist/tex/latex/ifoddpage/ifoddpage.sty
Package: ifoddpage 2016/04/23 v1.1 Conditionals for odd/even page detection
\c@checkoddpage=\count292
) (/usr/share/texlive/texmf-dist/tex/latex/tools/xspace.sty
Package: xspace 2014/10/28 v1.13 Space after command names (DPC,MH)
) (/usr/share/texlive/texmf-dist/tex/latex/relsize/relsize.sty
Package: relsize 2013/03/29 ver 4.1
)
\skiptotal=\skip65
\skiplinenumber=\skip66
\skiprule=\skip67
\skiphlne=\skip68
\skiptext=\skip69
\skiplength=\skip70
\algomargin=\skip71
\skipalgocfslide=\skip72
\algowidth=\dimen169
\inoutsize=\dimen170
\inoutindent=\dimen171
\interspacetitleruled=\dimen172
\interspacealgoruled=\dimen173
\interspacetitleboxruled=\dimen174
\algocf@ruledwidth=\skip73
\algocf@inoutbox=\box55
\algocf@inputbox=\box56
\AlCapSkip=\skip74
\AlCapHSkip=\skip75
\algoskipindent=\skip76
\algocf@nlbox=\box57
\algocf@hangingbox=\box58
\algocf@untilbox=\box59
\algocf@skipuntil=\skip77
\algocf@capbox=\box60
\algocf@lcaptionbox=\skip78
\algoheightruledefault=\skip79
\algoheightrule=\skip80
\algotitleheightruledefault=\skip81
\algotitleheightrule=\skip82
\c@algocfline=\count293
\c@algocfproc=\count294
\c@algocf=\count295
\algocf@algoframe=\box61
\algocf@algobox=\box62
) (/usr/share/texlive/texmf-dist/tex/latex/algorithmicx/algpseudocode.sty
Package: algpseudocode 
 (/usr/share/texlive/texmf-dist/tex/latex/algorithmicx/algorithmicx.sty
Package: algorithmicx 2005/04/27 v1.2 Algorithmicx

Document Style algorithmicx 1.2 - a greatly improved `algorithmic' style
\c@ALG@line=\count296
\c@ALG@rem=\count297
\c@ALG@nested=\count298
\ALG@tlm=\skip83
\ALG@thistlm=\skip84
\c@ALG@Lnr=\count299
\c@ALG@blocknr=\count300
\c@ALG@storecount=\count301
\c@ALG@tmpcounter=\count302
\ALG@tmplength=\skip85
)
Document Style - pseudocode environments for use with the `algorithmicx' style
) (/usr/share/texlive/texmf-dist/tex/latex/listings/listings.sty
\lst@mode=\count303
\lst@gtempboxa=\box63
\lst@token=\toks34
\lst@length=\count304
\lst@currlwidth=\dimen175
\lst@column=\count305
\lst@pos=\count306
\lst@lostspace=\dimen176
\lst@width=\dimen177
\lst@newlines=\count307
\lst@lineno=\count308
\lst@maxwidth=\dimen178
 (/usr/share/texlive/texmf-dist/tex/latex/listings/lstmisc.sty
File: lstmisc.sty 2020/03/24 1.8d (Carsten Heinz)
\c@lstnumber=\count309
\lst@skipnumbers=\count310
\lst@framebox=\box64
) (/usr/share/texlive/texmf-dist/tex/latex/listings/listings.cfg
File: listings.cfg 2020/03/24 1.8d listings configuration
))
Package: listings 2020/03/24 1.8d (Carsten Heinz)
Package hyperref Info: Option `unicode' set `true' on input line 118.
Package hyperref Info: Option `breaklinks' set `true' on input line 119.


LaTeX Warning: \include should only be used after \begin{document} on input line 122.

(./macros.tex
\c@thm=\count311
\c@defn=\count312
)
LaTeX Font Info:    Trying to load font information for OT1+lmr on input line 125.
 (/usr/share/texmf/tex/latex/lm/ot1lmr.fd
File: ot1lmr.fd 2009/10/30 v1.6 Font defs for Latin Modern
) (/usr/share/texlive/texmf-dist/tex/latex/l3backend/l3backend-pdftex.def
File: l3backend-pdftex.def 2022-01-12 L3 backend support: PDF output (pdfTeX)
\l__color_backend_stack_int=\count313
\l__pdf_internal_box=\box65
) (./thesis.aux (./title.aux) (./preface.aux) (./chap01.aux) (./chap02.aux) (./chap03.aux) (./chap04.aux) (./chap05.aux) (./chap06.aux) (./chap07.aux) (./epilog.aux) (./bibliography.aux))
\openout1 = `thesis.aux'.

LaTeX Font Info:    Checking defaults for OML/cmm/m/it on input line 125.
LaTeX Font Info:    ... okay on input line 125.
LaTeX Font Info:    Checking defaults for OMS/cmsy/m/n on input line 125.
LaTeX Font Info:    ... okay on input line 125.
LaTeX Font Info:    Checking defaults for OT1/cmr/m/n on input line 125.
LaTeX Font Info:    ... okay on input line 125.
LaTeX Font Info:    Checking defaults for T1/cmr/m/n on input line 125.
LaTeX Font Info:    ... okay on input line 125.
LaTeX Font Info:    Checking defaults for TS1/cmr/m/n on input line 125.
LaTeX Font Info:    ... okay on input line 125.
LaTeX Font Info:    Checking defaults for OMX/cmex/m/n on input line 125.
LaTeX Font Info:    ... okay on input line 125.
LaTeX Font Info:    Checking defaults for U/cmr/m/n on input line 125.
LaTeX Font Info:    ... okay on input line 125.
LaTeX Font Info:    Checking defaults for PD1/pdf/m/n on input line 125.
LaTeX Font Info:    ... okay on input line 125.
LaTeX Font Info:    Checking defaults for PU/pdf/m/n on input line 125.
LaTeX Font Info:    ... okay on input line 125.
 (/usr/share/texlive/texmf-dist/tex/context/base/mkii/supp-pdf.mkii
[Loading MPS to PDF converter (version 2006.09.02).]
\scratchcounter=\count314
\scratchdimen=\dimen179
\scratchbox=\box66
\nofMPsegments=\count315
\nofMParguments=\count316
\everyMPshowfont=\toks35
\MPscratchCnt=\count317
\MPscratchDim=\dimen180
\MPnumerator=\count318
\makeMPintoPDFobject=\count319
\everyMPtoPDFconversion=\toks36
) (/usr/share/texlive/texmf-dist/tex/latex/epstopdf-pkg/epstopdf-base.sty
Package: epstopdf-base 2020-01-24 v2.11 Base part for package epstopdf
Package epstopdf-base Info: Redefining graphics rule for `.eps' on input line 485.
 (/usr/share/texlive/texmf-dist/tex/latex/latexconfig/epstopdf-sys.cfg
File: epstopdf-sys.cfg 2010/07/13 v1.3 Configuration of (r)epstopdf for TeX Live
))
Package hyperref Info: Link coloring OFF on input line 125.
 (/usr/share/texlive/texmf-dist/tex/latex/hyperref/nameref.sty
Package: nameref 2021-04-02 v2.47 Cross-referencing by name of section
 (/usr/share/texlive/texmf-dist/tex/latex/refcount/refcount.sty
Package: refcount 2019/12/15 v3.6 Data extraction from label references (HO)
) (/usr/share/texlive/texmf-dist/tex/generic/gettitlestring/gettitlestring.sty
Package: gettitlestring 2019/12/15 v1.6 Cleanup title references (HO)
)
\c@section@level=\count320
)
LaTeX Info: Redefining \ref on input line 125.
LaTeX Info: Redefining \pageref on input line 125.
LaTeX Info: Redefining \nameref on input line 125.
 (./thesis.out) (./thesis.out)
\@outlinefile=\write5
\openout5 = `thesis.out'.

\c@lstlisting=\count321
\openout2 = `title.aux'.

 (./title.tex
Package hyperref Info: Option `pageanchor' set `false' on input line 6.
<../img/logo-en.pdf, id=276, 506.4591pt x 156.49065pt>
File: ../img/logo-en.pdf Graphic file (type pdf)
<use ../img/logo-en.pdf>
Package pdftex.def Info: ../img/logo-en.pdf  used on input line 9.
(pdftex.def)             Requested size: 472.31573pt x 145.9455pt.
 [1


 <../img/logo-en.pdf>]
Package hyperref Info: Option `pageanchor' set `true' on input line 55.
 [1

] [2

] [3

]) (./thesis.toc
LaTeX Font Info:    Trying to load font information for OML+lmm on input line 3.
 (/usr/share/texmf/tex/latex/lm/omllmm.fd
File: omllmm.fd 2009/10/30 v1.6 Font defs for Latin Modern
)
LaTeX Font Info:    Trying to load font information for OMS+lmsy on input line 3.
 (/usr/share/texmf/tex/latex/lm/omslmsy.fd
File: omslmsy.fd 2009/10/30 v1.6 Font defs for Latin Modern
)
LaTeX Font Info:    Trying to load font information for OMX+lmex on input line 3.
 (/usr/share/texmf/tex/latex/lm/omxlmex.fd
File: omxlmex.fd 2009/10/30 v1.6 Font defs for Latin Modern
)
LaTeX Font Info:    External font `lmex10' loaded for size
(Font)              <12> on input line 3.
LaTeX Font Info:    External font `lmex10' loaded for size
(Font)              <8> on input line 3.
LaTeX Font Info:    External font `lmex10' loaded for size
(Font)              <6> on input line 3.
LaTeX Font Info:    Trying to load font information for U+msa on input line 3.
 (/usr/share/texlive/texmf-dist/tex/latex/amsfonts/umsa.fd
File: umsa.fd 2013/01/14 v3.01 AMS symbols A
)
LaTeX Font Info:    Trying to load font information for U+msb on input line 3.
 (/usr/share/texlive/texmf-dist/tex/latex/amsfonts/umsb.fd
File: umsb.fd 2013/01/14 v3.01 AMS symbols B
) [1




])
\tf@toc=\write6
\openout6 = `thesis.toc'.

 [2]
\openout2 = `preface.aux'.

 (./preface.tex [3


]) [4]
\openout2 = `chap01.aux'.

 (./chap01.tex
Chapter 1.
LaTeX Font Info:    Trying to load font information for TS1+lmr on input line 12.
(/usr/share/texmf/tex/latex/lm/ts1lmr.fd
File: ts1lmr.fd 2009/10/30 v1.6 Font defs for Latin Modern
)
<rl_diagram_transparent_bg.png, id=408, 429.10312pt x 150.5625pt>
File: rl_diagram_transparent_bg.png Graphic file (type png)
<use rl_diagram_transparent_bg.png>
Package pdftex.def Info: rl_diagram_transparent_bg.png  used on input line 27.
(pdftex.def)             Requested size: 341.43306pt x 119.80228pt.
 [5




] [6 <./rl_diagram_transparent_bg.png>] [7]) [8] [9]
\openout2 = `chap02.aux'.

 (./chap02.tex
Chapter 2.
[10




] [11] [12] [13] [14] [15] [16] [17]

LaTeX Warning: No positions in optional float specifier.
               Default added (so using `htbp') on input line 360.

[18] [19]) [20]
\openout2 = `chap03.aux'.

 (./chap03.tex
Chapter 3.
[21




] [22] [23] [24] [25]) [26]
\openout2 = `chap04.aux'.

 (./chap04.tex
Chapter 4.
<../img/cramped_room_layout.png, id=695, 399.4925pt x 320.19624pt>
File: ../img/cramped_room_layout.png Graphic file (type png)
<use ../img/cramped_room_layout.png>
Package pdftex.def Info: ../img/cramped_room_layout.png  used on input line 24.
(pdftex.def)             Requested size: 113.81102pt x 91.21779pt.
<../img/asymmetric_advantages_layout.png, id=697, 720.6925pt x 399.4925pt>
File: ../img/asymmetric_advantages_layout.png Graphic file (type png)
<use ../img/asymmetric_advantages_layout.png>
Package pdftex.def Info: ../img/asymmetric_advantages_layout.png  used on input line 32.
(pdftex.def)             Requested size: 170.71652pt x 94.63052pt.
[27




 <../img/cramped_room_layout.png>]
<../img/coordination_ring_layout.png, id=709, 398.48875pt x 398.48875pt>
File: ../img/coordination_ring_layout.png Graphic file (type png)
<use ../img/coordination_ring_layout.png>
Package pdftex.def Info: ../img/coordination_ring_layout.png  used on input line 39.
(pdftex.def)             Requested size: 113.81102pt x 113.8076pt.
<../img/forced_coordination_layout.png, id=711, 400.49625pt x 398.48875pt>
File: ../img/forced_coordination_layout.png Graphic file (type png)
<use ../img/forced_coordination_layout.png>
Package pdftex.def Info: ../img/forced_coordination_layout.png  used on input line 46.
(pdftex.def)             Requested size: 113.81102pt x 113.23604pt.
<../img/counter_circuit_layout.png, id=713, 639.38875pt x 399.4925pt>
File: ../img/counter_circuit_layout.png Graphic file (type png)
<use ../img/counter_circuit_layout.png>
Package pdftex.def Info: ../img/counter_circuit_layout.png  used on input line 54.
(pdftex.def)             Requested size: 170.71652pt x 106.66354pt.
 [28 <../img/asymmetric_advantages_layout.png> <../img/coordination_ring_layout.png> <../img/forced_coordination_layout.png>]
LaTeX Font Info:    Trying to load font information for OT1+lmtt on input line 74.
 (/usr/share/texmf/tex/latex/lm/ot1lmtt.fd
File: ot1lmtt.fd 2009/10/30 v1.6 Font defs for Latin Modern
) [29 <../img/counter_circuit_layout.png>] [30]) [31]
\openout2 = `chap05.aux'.

 (./chap05.tex
Chapter 5.
[32




] [33] [34]) [35]
\openout2 = `chap06.aux'.

 (./chap06.tex
Chapter 6.
(/usr/share/texlive/texmf-dist/tex/latex/listings/lstlang1.sty
File: lstlang1.sty 2020/03/24 1.8d listings language file
) [36




] [37]
<../img/MLP_OFF_DIAG_TEST(3).png, id=810, 462.528pt x 346.896pt>
File: ../img/MLP_OFF_DIAG_TEST(3).png Graphic file (type png)
<use ../img/MLP_OFF_DIAG_TEST(3).png>
Package pdftex.def Info: ../img/MLP_OFF_DIAG_TEST(3).png  used on input line 78.
(pdftex.def)             Requested size: 369.88582pt x 277.42719pt.
 [38]
LaTeX Font Info:    External font `lmex10' loaded for size
(Font)              <10.95> on input line 110.
 [39 <../img/MLP_OFF_DIAG_TEST(3).png>] [40]
<../img/Forced_coordination_CNN_SP_CrossPlay(5).png, id=847, 462.528pt x 346.896pt>
File: ../img/Forced_coordination_CNN_SP_CrossPlay(5).png Graphic file (type png)
<use ../img/Forced_coordination_CNN_SP_CrossPlay(5).png>
Package pdftex.def Info: ../img/Forced_coordination_CNN_SP_CrossPlay(5).png  used on input line 182.
(pdftex.def)             Requested size: 398.33858pt x 298.76936pt.
) [41] [42 <../img/Forced_coordination_CNN_SP_CrossPlay(5).png>]
\openout2 = `chap07.aux'.

 (./chap07.tex
Chapter 7.
[43




] [44] [45] [46]
<../img/Forced_coordination_CNN_POP_NO_DIF(2).png, id=892, 578.16pt x 867.24pt>
File: ../img/Forced_coordination_CNN_POP_NO_DIF(2).png Graphic file (type png)
<use ../img/Forced_coordination_CNN_POP_NO_DIF(2).png>
Package pdftex.def Info: ../img/Forced_coordination_CNN_POP_NO_DIF(2).png  used on input line 179.
(pdftex.def)             Requested size: 412.56496pt x 618.84125pt.
 [47]

LaTeX Warning: Text page 48 contains only floats.


Overfull \vbox (3.88733pt too high) has occurred while \output is active []

 [48 <../img/Forced_coordination_CNN_POP_NO_DIF(2).png>]
<../img/SimpleCnnExperimentsAvg.png, id=906, 462.528pt x 346.896pt>
File: ../img/SimpleCnnExperimentsAvg.png Graphic file (type png)
<use ../img/SimpleCnnExperimentsAvg.png>
Package pdftex.def Info: ../img/SimpleCnnExperimentsAvg.png  used on input line 201.
(pdftex.def)             Requested size: 398.33858pt x 298.76936pt.
 [49 <../img/SimpleCnnExperimentsAvg.png>]
<../img/SimpleCNNOrderedAvg.png, id=919, 462.528pt x 346.896pt>
File: ../img/SimpleCNNOrderedAvg.png Graphic file (type png)
<use ../img/SimpleCNNOrderedAvg.png>
Package pdftex.def Info: ../img/SimpleCNNOrderedAvg.png  used on input line 236.
(pdftex.def)             Requested size: 312.9803pt x 234.74811pt.
 [50 <../img/SimpleCNNOrderedAvg.png>]
<../img/SimpleCNNOrderedAvg0.15Q.png, id=930, 462.528pt x 346.896pt>
File: ../img/SimpleCNNOrderedAvg0.15Q.png Graphic file (type png)
<use ../img/SimpleCNNOrderedAvg0.15Q.png>
Package pdftex.def Info: ../img/SimpleCNNOrderedAvg0.15Q.png  used on input line 257.
(pdftex.def)             Requested size: 312.9803pt x 234.74811pt.
 [51 <../img/SimpleCNNOrderedAvg0.15Q.png>] [52]
<../img/FSChannelsOrderedAvg.png, id=947, 462.528pt x 346.896pt>
File: ../img/FSChannelsOrderedAvg.png Graphic file (type png)
<use ../img/FSChannelsOrderedAvg.png>
Package pdftex.def Info: ../img/FSChannelsOrderedAvg.png  used on input line 311.
(pdftex.def)             Requested size: 284.52756pt x 213.40593pt.
<../img/FSChannelsOrderedQ15.png, id=949, 462.528pt x 346.896pt>
File: ../img/FSChannelsOrderedQ15.png Graphic file (type png)
<use ../img/FSChannelsOrderedQ15.png>
Package pdftex.def Info: ../img/FSChannelsOrderedQ15.png  used on input line 324.
(pdftex.def)             Requested size: 284.52756pt x 213.40593pt.
 [53 <../img/FSChannelsOrderedAvg.png>] [54 <../img/FSChannelsOrderedQ15.png>]
<../img/FSTupleOrderedAvg.png, id=966, 462.528pt x 346.896pt>
File: ../img/FSTupleOrderedAvg.png Graphic file (type png)
<use ../img/FSTupleOrderedAvg.png>
Package pdftex.def Info: ../img/FSTupleOrderedAvg.png  used on input line 360.
(pdftex.def)             Requested size: 284.52756pt x 213.40593pt.
<../img/FSTupleOrderedQ15.png, id=968, 462.528pt x 346.896pt>
File: ../img/FSTupleOrderedQ15.png Graphic file (type png)
<use ../img/FSTupleOrderedQ15.png>
Package pdftex.def Info: ../img/FSTupleOrderedQ15.png  used on input line 373.
(pdftex.def)             Requested size: 284.52756pt x 213.40593pt.
 [55 <../img/FSTupleOrderedAvg.png> <../img/FSTupleOrderedQ15.png>]
<../img/FSVariantsOrderedAvg.png, id=987, 462.528pt x 346.896pt>
File: ../img/FSVariantsOrderedAvg.png Graphic file (type png)
<use ../img/FSVariantsOrderedAvg.png>
Package pdftex.def Info: ../img/FSVariantsOrderedAvg.png  used on input line 397.
(pdftex.def)             Requested size: 284.52756pt x 213.40593pt.
 [56 <../img/FSVariantsOrderedAvg.png>]
<../img/FinalPopFinalPopSimpleCnnQ15.png, id=1001, 462.528pt x 346.896pt>
File: ../img/FinalPopFinalPopSimpleCnnQ15.png Graphic file (type png)
<use ../img/FinalPopFinalPopSimpleCnnQ15.png>
Package pdftex.def Info: ../img/FinalPopFinalPopSimpleCnnQ15.png  used on input line 439.
(pdftex.def)             Requested size: 284.52756pt x 213.40593pt.
<../img/FinalPopFinalPopFsChannelsQ15.png, id=1003, 462.528pt x 346.896pt>
File: ../img/FinalPopFinalPopFsChannelsQ15.png Graphic file (type png)
<use ../img/FinalPopFinalPopFsChannelsQ15.png>
Package pdftex.def Info: ../img/FinalPopFinalPopFsChannelsQ15.png  used on input line 452.
(pdftex.def)             Requested size: 284.52756pt x 213.40593pt.
<../img/FinalPopFinalPopFsTupleQ15.png, id=1005, 462.528pt x 346.896pt>
File: ../img/FinalPopFinalPopFsTupleQ15.png Graphic file (type png)
<use ../img/FinalPopFinalPopFsTupleQ15.png>
Package pdftex.def Info: ../img/FinalPopFinalPopFsTupleQ15.png  used on input line 465.
(pdftex.def)             Requested size: 284.52756pt x 213.40593pt.
 [57] [58 <../img/FinalPopFinalPopSimpleCnnQ15.png> <../img/FinalPopFinalPopFsChannelsQ15.png>]
<../img/CrampedRoomFSVariantsOrderedAvg.png, id=1026, 462.528pt x 346.896pt>
File: ../img/CrampedRoomFSVariantsOrderedAvg.png Graphic file (type png)
<use ../img/CrampedRoomFSVariantsOrderedAvg.png>
Package pdftex.def Info: ../img/CrampedRoomFSVariantsOrderedAvg.png  used on input line 502.
(pdftex.def)             Requested size: 227.62204pt x 170.71628pt.
<../img/CrampedRoomFSChannelsOrdered15Q.png, id=1028, 462.528pt x 346.896pt>
File: ../img/CrampedRoomFSChannelsOrdered15Q.png Graphic file (type png)
<use ../img/CrampedRoomFSChannelsOrdered15Q.png>
Package pdftex.def Info: ../img/CrampedRoomFSChannelsOrdered15Q.png  used on input line 518.
(pdftex.def)             Requested size: 256.0748pt x 192.06375pt.
<../img/CrampedRoomFSTupleOrdered15Q.png, id=1030, 462.528pt x 346.896pt>
File: ../img/CrampedRoomFSTupleOrdered15Q.png Graphic file (type png)
<use ../img/CrampedRoomFSTupleOrdered15Q.png>
Package pdftex.def Info: ../img/CrampedRoomFSTupleOrdered15Q.png  used on input line 531.
(pdftex.def)             Requested size: 256.0748pt x 192.06375pt.
 [59 <../img/FinalPopFinalPopFsTupleQ15.png>] [60 <../img/CrampedRoomFSVariantsOrderedAvg.png> <../img/CrampedRoomFSChannelsOrdered15Q.png>]
<../img/CounterCircuitFSVariantsOrderedAvg.png, id=1053, 462.528pt x 346.896pt>
File: ../img/CounterCircuitFSVariantsOrderedAvg.png Graphic file (type png)
<use ../img/CounterCircuitFSVariantsOrderedAvg.png>
Package pdftex.def Info: ../img/CounterCircuitFSVariantsOrderedAvg.png  used on input line 555.
(pdftex.def)             Requested size: 227.62204pt x 170.71628pt.
<../img/CounterCircuitFSChannelsOrderedQ15.png, id=1055, 462.528pt x 346.896pt>
File: ../img/CounterCircuitFSChannelsOrderedQ15.png Graphic file (type png)
<use ../img/CounterCircuitFSChannelsOrderedQ15.png>
Package pdftex.def Info: ../img/CounterCircuitFSChannelsOrderedQ15.png  used on input line 571.
(pdftex.def)             Requested size: 227.62204pt x 170.71628pt.
<../img/CounterCircuitFSTupleOrderedQ15.png, id=1057, 462.528pt x 346.896pt>
File: ../img/CounterCircuitFSTupleOrderedQ15.png Graphic file (type png)
<use ../img/CounterCircuitFSTupleOrderedQ15.png>
Package pdftex.def Info: ../img/CounterCircuitFSTupleOrderedQ15.png  used on input line 584.
(pdftex.def)             Requested size: 227.62204pt x 170.71628pt.
 [61 <../img/CrampedRoomFSTupleOrdered15Q.png> <../img/CounterCircuitFSVariantsOrderedAvg.png>] [62 <../img/CounterCircuitFSChannelsOrderedQ15.png> <../img/CounterCircuitFSTupleOrderedQ15.png>] [63]) [64]
\openout2 = `epilog.aux'.

 (./epilog.tex [65




]) [66]
\openout2 = `bibliography.aux'.

 (./bibliography.tex (./thesis.bbl
Underfull \hbox (badness 10000) in paragraph at lines 58--61
[]\OT1/lmr/m/n/12 Deepmind, 2019.  URL []$\OT1/lmtt/m/n/12 https : / / www . deepmind . com / blog /
 []

[67




] [68])) [69] (./thesis.aux (./title.aux) (./preface.aux) (./chap01.aux) (./chap02.aux) (./chap03.aux) (./chap04.aux) (./chap05.aux) (./chap06.aux) (./chap07.aux) (./epilog.aux) (./bibliography.aux))
Package rerunfilecheck Info: File `thesis.out' has not changed.
(rerunfilecheck)             Checksum: 021D464133DF354F22234AD376A46C7D;10298.
 ) 
Here is how much of TeX's memory you used:
 19027 strings out of 479342
 295855 string characters out of 5869178
 769702 words of memory out of 5000000
 36327 multiletter control sequences out of 15000+600000
 532979 words of font info for 74 fonts, out of 8000000 for 9000
 473 hyphenation exceptions out of 8191
 77i,24n,79p,637b,2377s stack positions out of 5000i,500n,10000p,200000b,80000s
{/usr/share/texmf/fonts/enc/dvips/lm/lm-mathit.enc}{/usr/share/texmf/fonts/enc/dvips/lm/lm-rm.enc}{/usr/share/texmf/fonts/enc/dvips/lm/lm-rmtt.enc}{/usr/share/texmf/fonts/enc/dvips/lm/lm-mathsy.enc}{/usr/share/texmf/fonts/enc/dvips/lm/lm-mathex.enc}{/usr/share/texmf/fonts/enc/dvips/lm/lm-ts1.enc}</usr/share/texmf/fonts/type1/public/lm/lmbx10.pfb></usr/share/texmf/fonts/type1/public/lm/lmbx12.pfb></usr/share/texmf/fonts/type1/public/lm/lmbx8.pfb></usr/share/texmf/fonts/type1/public/lm/lmex10.pfb></usr/share/texmf/fonts/type1/public/lm/lmmi10.pfb></usr/share/texmf/fonts/type1/public/lm/lmmi12.pfb></usr/share/texmf/fonts/type1/public/lm/lmmi6.pfb></usr/share/texmf/fonts/type1/public/lm/lmmi8.pfb></usr/share/texmf/fonts/type1/public/lm/lmmib10.pfb></usr/share/texmf/fonts/type1/public/lm/lmr10.pfb></usr/share/texmf/fonts/type1/public/lm/lmr12.pfb></usr/share/texmf/fonts/type1/public/lm/lmr17.pfb></usr/share/texmf/fonts/type1/public/lm/lmr8.pfb></usr/share/texmf/fonts/type1/public/lm/lmri10.pfb></usr/share/texmf/fonts/type1/public/lm/lmri12.pfb></usr/share/texmf/fonts/type1/public/lm/lmsy10.pfb></usr/share/texmf/fonts/type1/public/lm/lmsy6.pfb></usr/share/texmf/fonts/type1/public/lm/lmsy8.pfb></usr/share/texmf/fonts/type1/public/lm/lmtt12.pfb></usr/share/texlive/texmf-dist/fonts/type1/public/amsfonts/symbols/msbm10.pfb>
Output written on thesis.pdf (73 pages, 5232510 bytes).
PDF statistics:
 1345 PDF objects out of 1440 (max. 8388607)
 1131 compressed objects within 12 object streams
 307 named destinations out of 1000 (max. 500000)
 840 words of extra memory for PDF output out of 10000 (max. 10000000)

