\BOOKMARK [0][-]{chapter*.2}{\376\377\000I\000n\000t\000r\000o\000d\000u\000c\000t\000i\000o\000n}{}% 1
\BOOKMARK [0][-]{chapter.1}{\376\377\000I\000n\000t\000r\000o\000d\000u\000c\000t\000i\000o\000n\000\040\000t\000o\000\040\000r\000e\000i\000n\000f\000o\000r\000c\000e\000m\000e\000n\000t\000\040\000l\000e\000a\000r\000n\000i\000n\000g}{}% 2
\BOOKMARK [1][-]{section.1.1}{\376\377\000M\000a\000r\000k\000o\000v\000\040\000d\000e\000c\000i\000s\000i\000o\000n\000\040\000p\000r\000o\000c\000e\000s\000s}{chapter.1}% 3
\BOOKMARK [0][-]{chapter.2}{\376\377\000R\000L\000\040\000a\000l\000g\000o\000r\000i\000t\000h\000m\000s}{}% 4
\BOOKMARK [1][-]{section.2.1}{\376\377\000Q\000-\000L\000e\000a\000r\000n\000i\000n\000g}{chapter.2}% 5
\BOOKMARK [1][-]{section.2.2}{\376\377\000P\000o\000l\000i\000c\000y\000\040\000g\000r\000a\000d\000i\000e\000n\000t\000\040\000m\000e\000t\000h\000o\000d\000s}{chapter.2}% 6
\BOOKMARK [2][-]{subsection.2.2.1}{\376\377\000I\000d\000e\000a}{section.2.2}% 7
\BOOKMARK [2][-]{subsection.2.2.2}{\376\377\000P\000o\000l\000i\000c\000y\000\040\000G\000r\000a\000d\000i\000e\000n\000t\000\040\000T\000h\000e\000o\000r\000e\000m}{section.2.2}% 8
\BOOKMARK [2][-]{subsection.2.2.3}{\376\377\000V\000a\000n\000i\000l\000l\000a\000\040\000P\000o\000l\000i\000c\000y\000\040\000G\000r\000a\000d\000i\000e\000n\000t}{section.2.2}% 9
\BOOKMARK [2][-]{subsection.2.2.4}{\376\377\000T\000r\000u\000s\000t\000\040\000R\000e\000g\000i\000o\000n\000\040\000P\000o\000l\000i\000c\000y\000\040\000O\000p\000t\000i\000m\000i\000z\000a\000t\000i\000o\000n}{section.2.2}% 10
\BOOKMARK [2][-]{subsection.2.2.5}{\376\377\000P\000r\000o\000x\000i\000m\000a\000l\000\040\000P\000o\000l\000i\000c\000y\000\040\000O\000p\000t\000i\000m\000i\000z\000a\000t\000i\000o\000n}{section.2.2}% 11
\BOOKMARK [0][-]{chapter.3}{\376\377\000M\000u\000l\000t\000i\000\040\000a\000g\000e\000n\000t\000\040\000e\000n\000v\000i\000r\000o\000n\000m\000e\000n\000t\000s\000\040\000f\000o\000r\000\040\000R\000L\000\040\000?\000?\000?}{}% 12
\BOOKMARK [1][-]{section.3.1}{\376\377\000M\000u\000l\000t\000i\000-\000a\000g\000e\000n\000t\000\040\000M\000a\000r\000k\000o\000v\000\040\000D\000e\000c\000i\000s\000i\000o\000n\000\040\000P\000r\000o\000c\000e\000s\000s}{chapter.3}% 13
\BOOKMARK [1][-]{section.3.2}{\376\377\000D\000e\000c\000e\000n\000t\000r\000a\000l\000i\000z\000e\000d\000\040\000P\000a\000r\000t\000i\000a\000l\000l\000y\000\040\000O\000b\000s\000e\000r\000v\000a\000b\000l\000e\000\040\000M\000D\000P}{chapter.3}% 14
\BOOKMARK [2][-]{subsection.3.2.1}{\376\377\000N\000a\000s\000h\000\040\000E\000q\000u\000i\000l\000i\000b\000r\000i\000a}{section.3.2}% 15
\BOOKMARK [1][-]{section.3.3}{\376\377\000L\000e\000a\000r\000n\000i\000n\000g\000\040\000s\000c\000h\000e\000m\000e\000s}{chapter.3}% 16
\BOOKMARK [1][-]{section.3.4}{\376\377\000N\000o\000n\000-\000s\000t\000a\000t\000i\000o\000n\000a\000r\000i\000t\000y}{chapter.3}% 17
\BOOKMARK [1][-]{section.3.5}{\376\377\000R\000L\000\040\000a\000l\000g\000o\000r\000i\000t\000h\000m\000s}{chapter.3}% 18
\BOOKMARK [0][-]{chapter.4}{\376\377\000O\000v\000e\000r\000c\000o\000o\000k\000e\000d\000\040\000e\000n\000v\000i\000r\000o\000n\000m\000e\000n\000t}{}% 19
\BOOKMARK [1][-]{section.4.1}{\376\377\000O\000v\000e\000r\000c\000o\000o\000k\000e\000d\000\040\000g\000a\000m\000e}{chapter.4}% 20
\BOOKMARK [1][-]{section.4.2}{\376\377\000B\000a\000s\000i\000c\000\040\000l\000a\000y\000o\000u\000t\000s}{chapter.4}% 21
\BOOKMARK [1][-]{section.4.3}{\376\377\000E\000n\000v\000i\000r\000o\000n\000m\000e\000n\000t\000\040\000d\000e\000s\000c\000r\000i\000p\000t\000i\000o\000n}{chapter.4}% 22
\BOOKMARK [2][-]{subsection.4.3.1}{\376\377\000A\000c\000t\000i\000o\000n\000s\000\040\000s\000p\000a\000c\000e\000,\000\040\000e\000p\000i\000s\000o\000d\000e\000\040\000h\000o\000r\000i\000z\000o\000n\000t\000,\000\040\000s\000h\000a\000p\000e\000d\000\040\000r\000e\000w\000a\000r\000d\000s\000,\000\040\000s\000t\000a\000t\000e\000\040\000r\000e\000p\000r\000e\000s\000e\000n\000t\000a\000t\000i\000o\000n\000\040\000M\000L\000P\000\040\000v\000s\000\040\000C\000N\000N}{section.4.3}% 23
\BOOKMARK [2][-]{subsection.4.3.2}{\376\377\000R\000e\000s\000e\000t\000\040\000s\000t\000a\000t\000e\000\040\000s\000t\000a\000t\000i\000c\000\040\000p\000o\000s\000i\000t\000i\000o\000n\000,\000\040\000i\000n\000d\000e\000x\000\040\000s\000w\000i\000t\000c\000h\000i\000n\000g\000,\000\040\000R\000a\000n\000d\000o\000m\000i\000z\000a\000t\000i\000o\000n\000\040\000f\000u\000n\000c\000t\000i\000o\000n}{section.4.3}% 24
\BOOKMARK [0][-]{chapter.5}{\376\377\000R\000e\000l\000a\000t\000e\000d\000\040\000w\000o\000r\000k}{}% 25
\BOOKMARK [1][-]{section.5.1}{\376\377\000H\000u\000m\000a\000n\000-\000a\000i\000\040\000c\000o\000o\000p\000e\000r\000a\000t\000i\000o\000n\000\040\000r\000e\000s\000u\000l\000t\000s}{chapter.5}% 26
\BOOKMARK [2][-]{subsection.5.1.1}{\376\377\000H\000u\000m\000a\000n\000\040\000c\000o\000o\000p\000e\000r\000a\000t\000i\000o\000n}{section.5.1}% 27
\BOOKMARK [1][-]{section.5.2}{\376\377\000P\000r\000o\000b\000l\000e\000m\000\040\000o\000f\000\040\000r\000o\000b\000u\000s\000t\000n\000e\000s\000s}{chapter.5}% 28
\BOOKMARK [2][-]{subsection.5.2.1}{\376\377\000P\000r\000o\000b\000l\000e\000m\000\040\000o\000f\000\040\000r\000o\000b\000u\000s\000t\000n\000e\000s\000s\000\040\000d\000e\000f\000i\000n\000i\000t\000i\000o\000n}{section.5.2}% 29
\BOOKMARK [1][-]{section.5.3}{\376\377\000A\000I\000-\000A\000I\000\040\000c\000o\000o\000r\000d\000i\000n\000a\000t\000i\000o\000n}{chapter.5}% 30
\BOOKMARK [2][-]{subsection.5.3.1}{\376\377\000A\000p\000r\000o\000a\000c\000h\000e\000s}{section.5.3}% 31
\BOOKMARK [2][-]{subsection.5.3.2}{\376\377\000R\000e\000s\000u\000l\000t\000s}{section.5.3}% 32
\BOOKMARK [0][-]{chapter.6}{\376\377\000O\000u\000r\000\040\000w\000o\000r\000k\000\040\000-\000\040\000P\000r\000e\000p\000a\000r\000a\000t\000i\000o\000n}{}% 33
\BOOKMARK [1][-]{section.6.1}{\376\377\000U\000t\000i\000l\000i\000z\000e\000d\000\040\000f\000r\000a\000m\000e\000w\000o\000r\000k}{chapter.6}% 34
\BOOKMARK [2][-]{subsection.6.1.1}{\376\377\000M\000o\000d\000i\000f\000i\000c\000a\000t\000i\000o\000n\000s\000\040\000o\000f\000\040\000s\000t\000a\000b\000l\000e\000\040\000b\000a\000s\000e\000l\000i\000n\000e\000s}{section.6.1}% 35
\BOOKMARK [2][-]{subsection.6.1.2}{\376\377\000N\000N\000\040\000s\000t\000r\000u\000c\000t\000u\000r\000e\000\040\000m\000o\000d\000i\000f\000i\000c\000a\000t\000i\000o\000n}{section.6.1}% 36
\BOOKMARK [2][-]{subsection.6.1.3}{\376\377\000H\000y\000p\000e\000r\000p\000a\000r\000a\000m\000e\000t\000e\000r\000s\000\040\000r\000a\000n\000d\000o\000m\000\040\000s\000e\000a\000r\000c\000h}{section.6.1}% 37
\BOOKMARK [2][-]{subsection.6.1.4}{\376\377\000R\000a\000n\000d\000o\000m\000i\000z\000a\000t\000i\000o\000n\000\040\000f\000u\000n\000c\000t\000i\000o\000n\000\040\000c\000o\000r\000r\000e\000c\000t\000i\000o\000n}{section.6.1}% 38
\BOOKMARK [1][-]{section.6.2}{\376\377\000S\000e\000l\000f\000-\000p\000l\000a\000y}{chapter.6}% 39
\BOOKMARK [2][-]{subsection.6.2.1}{\376\377\000T\000r\000a\000i\000n\000i\000n\000g}{section.6.2}% 40
\BOOKMARK [2][-]{subsection.6.2.2}{\376\377\000R\000e\000s\000u\000l\000t\000s}{section.6.2}% 41
\BOOKMARK [0][-]{chapter.7}{\376\377\000O\000u\000r\000\040\000w\000o\000r\000k\000\040\000-\000\040\000C\000o\000n\000t\000r\000i\000b\000u\000t\000i\000o\000n}{}% 42
\BOOKMARK [1][-]{section.7.1}{\376\377\000O\000u\000r\000\040\000d\000e\000f\000i\000n\000i\000t\000i\000o\000n\000\050\000s\000?\000\051\000\040\000o\000f\000\040\000r\000o\000b\000u\000s\000t\000n\000e\000s\000s}{chapter.7}% 43
\BOOKMARK [1][-]{section.7.2}{\376\377\000P\000o\000p\000u\000l\000a\000t\000i\000o\000n\000\040\000c\000o\000n\000s\000t\000r\000u\000c\000t\000i\000o\000n}{chapter.7}% 44
\BOOKMARK [2][-]{subsection.7.2.1}{\376\377\000S\000P\000\040\000a\000g\000e\000n\000t\000s\000\040\000i\000n\000i\000t\000i\000a\000l\000i\000z\000a\000t\000i\000o\000n}{section.7.2}% 45
\BOOKMARK [2][-]{subsection.7.2.2}{\376\377\000p\000o\000p\000u\000l\000a\000t\000i\000o\000n\000\040\000p\000a\000r\000t\000n\000e\000r\000\040\000s\000a\000m\000p\000l\000i\000n\000g\000\040\000d\000u\000r\000i\000n\000g\000\040\000t\000r\000a\000i\000n\000i\000n\000g}{section.7.2}% 46
\BOOKMARK [2][-]{subsection.7.2.3}{\376\377\000F\000i\000n\000a\000l\000\040\000a\000g\000e\000n\000t\000\040\000t\000r\000a\000i\000n\000i\000n\000g}{section.7.2}% 47
\BOOKMARK [1][-]{section.7.3}{\376\377\000D\000i\000v\000e\000r\000z\000i\000f\000i\000c\000a\000t\000i\000o\000n}{chapter.7}% 48
\BOOKMARK [2][-]{subsection.7.3.1}{\376\377\000P\000o\000p\000u\000l\000a\000t\000i\000o\000n\000\040\000p\000o\000l\000i\000c\000i\000e\000s\000\040\000d\000i\000f\000f\000e\000r\000e\000n\000c\000e\000\040\000r\000e\000w\000a\000r\000d\000s\000\040\000a\000u\000g\000m\000e\000n\000t\000a\000t\000i\000o\000n}{section.7.3}% 49
\BOOKMARK [2][-]{subsection.7.3.2}{\376\377\000P\000o\000p\000u\000l\000a\000t\000i\000o\000n\000\040\000p\000o\000l\000i\000c\000i\000e\000s\000\040\000d\000i\000f\000f\000e\000r\000e\000n\000c\000e\000\040\000l\000o\000s\000s}{section.7.3}% 50
\BOOKMARK [0][-]{chapter*.25}{\376\377\000C\000o\000n\000c\000l\000u\000s\000i\000o\000n}{}% 51
\BOOKMARK [0][-]{chapter*.26}{\376\377\000B\000i\000b\000l\000i\000o\000g\000r\000a\000p\000h\000y}{}% 52
